\BOOKMARK [1][-]{section.1}{Introduction \(Context and Challenges\)}{}% 1
\BOOKMARK [2][-]{subsection.1.1}{Context}{section.1}% 2
\BOOKMARK [2][-]{subsection.1.2}{Open AI Challenge}{section.1}% 3
\BOOKMARK [2][-]{subsection.1.3}{Previous Work}{section.1}% 4
\BOOKMARK [1][-]{section.2}{Data Description}{}% 5
\BOOKMARK [2][-]{subsection.2.1}{Images}{section.2}% 6
\BOOKMARK [2][-]{subsection.2.2}{Labels}{section.2}% 7
\BOOKMARK [2][-]{subsection.2.3}{Data Noise}{section.2}% 8
\BOOKMARK [1][-]{section.3}{Proposed Processing Routine}{}% 9
\BOOKMARK [2][-]{subsection.3.1}{Pixel-based Baseline}{section.3}% 10
\BOOKMARK [2][-]{subsection.3.2}{Petrained Neural Network as Feature Extractor}{section.3}% 11
\BOOKMARK [1][-]{section.4}{Results}{}% 12
\BOOKMARK [2][-]{subsection.4.1}{Online Challenge Performance}{section.4}% 13
\BOOKMARK [2][-]{subsection.4.2}{Comparing Performances}{section.4}% 14
\BOOKMARK [1][-]{section.5}{Discussion}{}% 15
\BOOKMARK [2][-]{subsection.5.1}{Analyzing Problematic Cases}{section.5}% 16
\BOOKMARK [2][-]{subsection.5.2}{Solving the Real-Life Problem}{section.5}% 17
\BOOKMARK [2][-]{subsection.5.3}{Removing Noisy Labels}{section.5}% 18
\BOOKMARK [2][-]{subsection.5.4}{Outlook}{section.5}% 19
\BOOKMARK [1][-]{section.6}{Appendix}{}% 20
